<?xml version="1.0" encoding="UTF-8"?>
<!-- Generated by org.testng.reporters.JUnitXMLReporter -->
<testsuite ignored="2" hostname="LAPTOP-HRQAA664" failures="0" tests="1" name="Default test" time="11.44" errors="0" timestamp="2022-09-10T23:58:19 CDT">
  <testcase classname="testcases.SimplilearnLoginTest" name="Test3" time="4.864"/>
  <testcase classname="testcases.SimplilearnLoginTest" name="Test2" time="0.0">
    <ignored/>
  </testcase> <!-- Test2 -->
  <testcase classname="testcases.SimplilearnLoginTest" name="Test1" time="0.0">
    <ignored/>
  </testcase> <!-- Test1 -->
</testsuite> <!-- Default test -->
