<?xml version="1.0" encoding="UTF-8"?>
<!-- Generated by org.testng.reporters.JUnitXMLReporter -->
<testsuite ignored="0" hostname="LAPTOP-HRQAA664" failures="0" tests="3" name="Test" time="24.697" errors="0" timestamp="2022-09-17T00:46:32 CDT">
  <testcase classname="testcases.SimplilearnLoginTest" name="Test1" time="4.662"/>
  <testcase classname="testcases.SimplilearnLoginTest" name="Test2" time="4.292"/>
  <testcase classname="testcases.SimplilearnLoginTest" name="Test3" time="3.713"/>
</testsuite> <!-- Test -->
