<?xml version="1.0" encoding="UTF-8"?>
<!-- Generated by org.testng.reporters.JUnitXMLReporter -->
<testsuite ignored="2" hostname="LAPTOP-HRQAA664" failures="0" tests="4" name="Test" time="30.962" errors="0" timestamp="2022-09-11T00:28:58 CDT">
  <testcase classname="testcases.SimplilearnLoginTest" name="Test1" time="5.006"/>
  <testcase classname="testcases.SimplilearnLoginTest" name="Test2" time="3.12"/>
  <testcase classname="testcases.SimplilearnLoginTest" name="Test3" time="3.196"/>
  <testcase classname="testcases.HomeTest" name="Test1" time="0.002"/>
  <testcase classname="testcases.BaseClass" name="@AfterTest DataClean" time="0.0">
    <ignored/>
  </testcase> <!-- @AfterTest DataClean -->
  <testcase classname="testcases.BaseClass" name="@BeforeTest DataSetUp" time="0.0">
    <ignored/>
  </testcase> <!-- @BeforeTest DataSetUp -->
</testsuite> <!-- Test -->
