<?xml version="1.0" encoding="UTF-8"?>
<!-- Generated by org.testng.reporters.JUnitXMLReporter -->
<testsuite hostname="LAPTOP-HRQAA664" ignored="0" name="Test" tests="3" failures="0" timestamp="2022-09-18T01:34:32 CDT" time="23.262" errors="0">
  <testcase name="Test1" time="3.174" classname="testcases.SimplilearnLoginTest"/>
  <testcase name="Test2" time="3.701" classname="testcases.SimplilearnLoginTest"/>
  <testcase name="Test3" time="2.917" classname="testcases.SimplilearnLoginTest"/>
</testsuite> <!-- Test -->
