<?xml version="1.0" encoding="UTF-8"?>
<!-- Generated by org.testng.reporters.JUnitXMLReporter -->
<testsuite hostname="LAPTOP-HRQAA664" ignored="0" name="Test" tests="3" failures="0" timestamp="2022-09-10T02:20:38 CDT" time="29.019" errors="0">
  <testcase name="Test1" time="0.002" classname="testcases.HomeTest"/>
  <testcase name="Test1" time="5.313" classname="testcases.SimplilearnLoginTest"/>
  <testcase name="Test2" time="4.888" classname="testcases.SimplilearnLoginTest"/>
</testsuite> <!-- Test -->
