<?xml version="1.0" encoding="UTF-8"?>
<testng-results skipped="0" failed="0" ignored="0" total="3" passed="3">
  <reporter-output>
  </reporter-output>
  <suite name="Suite" duration-ms="29019" started-at="2022-09-10T02:20:09 CDT" finished-at="2022-09-10T02:20:38 CDT">
    <groups>
    </groups>
    <test name="Test" duration-ms="29019" started-at="2022-09-10T02:20:09 CDT" finished-at="2022-09-10T02:20:38 CDT">
      <class name="testcases.HomeTest">
        <test-method status="PASS" signature="SetUp()[pri:0, instance:testcases.HomeTest@3d99d22e]" name="SetUp" is-config="true" duration-ms="7947" started-at="2022-09-10T02:20:09 CDT" finished-at="2022-09-10T02:20:17 CDT">
          <reporter-output>
          </reporter-output>
        </test-method> <!-- SetUp -->
        <test-method status="PASS" signature="Test1()[pri:0, instance:testcases.HomeTest@3d99d22e]" name="Test1" duration-ms="2" started-at="2022-09-10T02:20:17 CDT" finished-at="2022-09-10T02:20:17 CDT">
          <reporter-output>
          </reporter-output>
        </test-method> <!-- Test1 -->
        <test-method status="PASS" signature="TearDown()[pri:0, instance:testcases.HomeTest@3d99d22e]" name="TearDown" is-config="true" duration-ms="966" started-at="2022-09-10T02:20:17 CDT" finished-at="2022-09-10T02:20:18 CDT">
          <reporter-output>
          </reporter-output>
        </test-method> <!-- TearDown -->
      </class> <!-- testcases.HomeTest -->
      <class name="testcases.SimplilearnLoginTest">
        <test-method status="PASS" signature="SetUp()[pri:0, instance:testcases.SimplilearnLoginTest@1f7030a6]" name="SetUp" is-config="true" duration-ms="4851" started-at="2022-09-10T02:20:18 CDT" finished-at="2022-09-10T02:20:23 CDT">
          <reporter-output>
          </reporter-output>
        </test-method> <!-- SetUp -->
        <test-method status="PASS" signature="Test1()[pri:0, instance:testcases.SimplilearnLoginTest@1f7030a6]" name="Test1" duration-ms="5313" started-at="2022-09-10T02:20:23 CDT" finished-at="2022-09-10T02:20:28 CDT">
          <reporter-output>
          </reporter-output>
        </test-method> <!-- Test1 -->
        <test-method status="PASS" signature="TearDown()[pri:0, instance:testcases.SimplilearnLoginTest@1f7030a6]" name="TearDown" is-config="true" duration-ms="137" started-at="2022-09-10T02:20:28 CDT" finished-at="2022-09-10T02:20:28 CDT">
          <reporter-output>
          </reporter-output>
        </test-method> <!-- TearDown -->
        <test-method status="PASS" signature="SetUp()[pri:0, instance:testcases.SimplilearnLoginTest@1f7030a6]" name="SetUp" is-config="true" duration-ms="4363" started-at="2022-09-10T02:20:28 CDT" finished-at="2022-09-10T02:20:33 CDT">
          <reporter-output>
          </reporter-output>
        </test-method> <!-- SetUp -->
        <test-method status="PASS" signature="Test2()[pri:0, instance:testcases.SimplilearnLoginTest@1f7030a6]" name="Test2" duration-ms="4888" started-at="2022-09-10T02:20:33 CDT" finished-at="2022-09-10T02:20:38 CDT">
          <reporter-output>
          </reporter-output>
        </test-method> <!-- Test2 -->
        <test-method status="PASS" signature="TearDown()[pri:0, instance:testcases.SimplilearnLoginTest@1f7030a6]" name="TearDown" is-config="true" duration-ms="479" started-at="2022-09-10T02:20:38 CDT" finished-at="2022-09-10T02:20:38 CDT">
          <reporter-output>
          </reporter-output>
        </test-method> <!-- TearDown -->
      </class> <!-- testcases.SimplilearnLoginTest -->
    </test> <!-- Test -->
  </suite> <!-- Suite -->
</testng-results>
