<?xml version="1.0" encoding="UTF-8"?>
<testng-results skipped="0" failed="0" ignored="0" total="3" passed="3">
  <reporter-output>
  </reporter-output>
  <suite name="Suite" duration-ms="23262" started-at="2022-09-18T01:34:09 CDT" finished-at="2022-09-18T01:34:32 CDT">
    <groups>
    </groups>
    <test name="Test" duration-ms="23262" started-at="2022-09-18T01:34:09 CDT" finished-at="2022-09-18T01:34:32 CDT">
      <class name="testcases.SimplilearnLoginTest">
        <test-method status="PASS" signature="DataSetUp()[pri:0, instance:testcases.SimplilearnLoginTest@6ee52dcd]" name="DataSetUp" is-config="true" duration-ms="811" started-at="2022-09-18T01:34:09 CDT" finished-at="2022-09-18T01:34:10 CDT">
          <reporter-output>
          </reporter-output>
        </test-method> <!-- DataSetUp -->
        <test-method status="PASS" signature="SetUp(java.lang.reflect.Method)[pri:0, instance:testcases.SimplilearnLoginTest@6ee52dcd]" name="SetUp" is-config="true" duration-ms="3933" started-at="2022-09-18T01:34:10 CDT" finished-at="2022-09-18T01:34:14 CDT">
          <params>
            <param index="0">
              <value>
                <![CDATA[public void testcases.SimplilearnLoginTest.Test1()]]>
              </value>
            </param>
          </params>
          <reporter-output>
          </reporter-output>
        </test-method> <!-- SetUp -->
        <test-method status="PASS" signature="Test1()[pri:0, instance:testcases.SimplilearnLoginTest@6ee52dcd]" name="Test1" duration-ms="3174" started-at="2022-09-18T01:34:14 CDT" finished-at="2022-09-18T01:34:17 CDT">
          <reporter-output>
          </reporter-output>
        </test-method> <!-- Test1 -->
        <test-method status="PASS" signature="TearDown()[pri:0, instance:testcases.SimplilearnLoginTest@6ee52dcd]" name="TearDown" is-config="true" duration-ms="138" started-at="2022-09-18T01:34:17 CDT" finished-at="2022-09-18T01:34:17 CDT">
          <reporter-output>
          </reporter-output>
        </test-method> <!-- TearDown -->
        <test-method status="PASS" signature="SetUp(java.lang.reflect.Method)[pri:0, instance:testcases.SimplilearnLoginTest@6ee52dcd]" name="SetUp" is-config="true" duration-ms="2905" started-at="2022-09-18T01:34:17 CDT" finished-at="2022-09-18T01:34:20 CDT">
          <params>
            <param index="0">
              <value>
                <![CDATA[public void testcases.SimplilearnLoginTest.Test2(java.lang.String,java.lang.String)]]>
              </value>
            </param>
          </params>
          <reporter-output>
          </reporter-output>
        </test-method> <!-- SetUp -->
        <test-method status="PASS" signature="Test2(java.lang.String,java.lang.String)[pri:0, instance:testcases.SimplilearnLoginTest@6ee52dcd]" name="Test2" duration-ms="3701" started-at="2022-09-18T01:34:20 CDT" finished-at="2022-09-18T01:34:24 CDT">
          <params>
            <param index="0">
              <value>
                <![CDATA[abc@xyz.com]]>
              </value>
            </param>
            <param index="1">
              <value>
                <![CDATA[Abc@1234]]>
              </value>
            </param>
          </params>
          <reporter-output>
          </reporter-output>
        </test-method> <!-- Test2 -->
        <test-method status="PASS" signature="TearDown()[pri:0, instance:testcases.SimplilearnLoginTest@6ee52dcd]" name="TearDown" is-config="true" duration-ms="2435" started-at="2022-09-18T01:34:24 CDT" finished-at="2022-09-18T01:34:26 CDT">
          <reporter-output>
          </reporter-output>
        </test-method> <!-- TearDown -->
        <test-method status="PASS" signature="SetUp(java.lang.reflect.Method)[pri:0, instance:testcases.SimplilearnLoginTest@6ee52dcd]" name="SetUp" is-config="true" duration-ms="2598" started-at="2022-09-18T01:34:26 CDT" finished-at="2022-09-18T01:34:29 CDT">
          <params>
            <param index="0">
              <value>
                <![CDATA[public void testcases.SimplilearnLoginTest.Test3()]]>
              </value>
            </param>
          </params>
          <reporter-output>
          </reporter-output>
        </test-method> <!-- SetUp -->
        <test-method status="PASS" signature="Test3()[pri:0, instance:testcases.SimplilearnLoginTest@6ee52dcd]" name="Test3" duration-ms="2917" started-at="2022-09-18T01:34:29 CDT" finished-at="2022-09-18T01:34:31 CDT">
          <reporter-output>
          </reporter-output>
        </test-method> <!-- Test3 -->
        <test-method status="PASS" signature="TearDown()[pri:0, instance:testcases.SimplilearnLoginTest@6ee52dcd]" name="TearDown" is-config="true" duration-ms="191" started-at="2022-09-18T01:34:31 CDT" finished-at="2022-09-18T01:34:32 CDT">
          <reporter-output>
          </reporter-output>
        </test-method> <!-- TearDown -->
        <test-method status="PASS" signature="DataClean()[pri:0, instance:testcases.SimplilearnLoginTest@6ee52dcd]" name="DataClean" is-config="true" duration-ms="389" started-at="2022-09-18T01:34:32 CDT" finished-at="2022-09-18T01:34:32 CDT">
          <reporter-output>
          </reporter-output>
        </test-method> <!-- DataClean -->
      </class> <!-- testcases.SimplilearnLoginTest -->
    </test> <!-- Test -->
  </suite> <!-- Suite -->
</testng-results>
