<?xml version="1.0" encoding="UTF-8"?>
<testng-results ignored="2" total="6" passed="4" failed="0" skipped="0">
  <reporter-output>
  </reporter-output>
  <suite started-at="2022-09-11T00:28:27 CDT" name="Suite" finished-at="2022-09-11T00:28:58 CDT" duration-ms="30962">
    <groups>
    </groups>
    <test started-at="2022-09-11T00:28:27 CDT" name="Test" finished-at="2022-09-11T00:28:58 CDT" duration-ms="30962">
      <class name="testcases.HomeTest">
        <test-method is-config="true" signature="SetUp()[pri:0, instance:testcases.HomeTest@1a18644]" started-at="2022-09-11T00:28:54 CDT" name="SetUp" finished-at="2022-09-11T00:28:57 CDT" duration-ms="3498" status="PASS">
          <reporter-output>
          </reporter-output>
        </test-method> <!-- SetUp -->
        <test-method signature="Test1()[pri:0, instance:testcases.HomeTest@1a18644]" started-at="2022-09-11T00:28:57 CDT" name="Test1" finished-at="2022-09-11T00:28:57 CDT" duration-ms="2" status="PASS">
          <reporter-output>
          </reporter-output>
        </test-method> <!-- Test1 -->
        <test-method is-config="true" signature="TearDown()[pri:0, instance:testcases.HomeTest@1a18644]" started-at="2022-09-11T00:28:57 CDT" name="TearDown" finished-at="2022-09-11T00:28:58 CDT" duration-ms="492" status="PASS">
          <reporter-output>
          </reporter-output>
        </test-method> <!-- TearDown -->
      </class> <!-- testcases.HomeTest -->
      <class name="testcases.SimplilearnLoginTest">
        <test-method is-config="true" signature="DataSetUp()[pri:0, instance:testcases.SimplilearnLoginTest@22ef9844]" started-at="2022-09-11T00:28:27 CDT" name="DataSetUp" finished-at="2022-09-11T00:28:28 CDT" duration-ms="903" status="PASS">
          <reporter-output>
          </reporter-output>
        </test-method> <!-- DataSetUp -->
        <test-method is-config="true" signature="SetUp()[pri:0, instance:testcases.SimplilearnLoginTest@22ef9844]" started-at="2022-09-11T00:28:28 CDT" name="SetUp" finished-at="2022-09-11T00:28:32 CDT" duration-ms="3887" status="PASS">
          <reporter-output>
          </reporter-output>
        </test-method> <!-- SetUp -->
        <test-method signature="Test1()[pri:0, instance:testcases.SimplilearnLoginTest@22ef9844]" started-at="2022-09-11T00:28:32 CDT" name="Test1" finished-at="2022-09-11T00:28:37 CDT" duration-ms="5006" status="PASS">
          <reporter-output>
          </reporter-output>
        </test-method> <!-- Test1 -->
        <test-method is-config="true" signature="TearDown()[pri:0, instance:testcases.SimplilearnLoginTest@22ef9844]" started-at="2022-09-11T00:28:37 CDT" name="TearDown" finished-at="2022-09-11T00:28:39 CDT" duration-ms="2509" status="PASS">
          <reporter-output>
          </reporter-output>
        </test-method> <!-- TearDown -->
        <test-method is-config="true" signature="SetUp()[pri:0, instance:testcases.SimplilearnLoginTest@22ef9844]" started-at="2022-09-11T00:28:39 CDT" name="SetUp" finished-at="2022-09-11T00:28:42 CDT" duration-ms="3003" status="PASS">
          <reporter-output>
          </reporter-output>
        </test-method> <!-- SetUp -->
        <test-method signature="Test2(java.lang.String,java.lang.String)[pri:0, instance:testcases.SimplilearnLoginTest@22ef9844]" started-at="2022-09-11T00:28:42 CDT" name="Test2" finished-at="2022-09-11T00:28:45 CDT" duration-ms="3120" status="PASS">
          <params>
            <param index="0">
              <value>
                <![CDATA[abc@xyz.com]]>
              </value>
            </param>
            <param index="1">
              <value>
                <![CDATA[Abc@1234]]>
              </value>
            </param>
          </params>
          <reporter-output>
          </reporter-output>
        </test-method> <!-- Test2 -->
        <test-method is-config="true" signature="TearDown()[pri:0, instance:testcases.SimplilearnLoginTest@22ef9844]" started-at="2022-09-11T00:28:45 CDT" name="TearDown" finished-at="2022-09-11T00:28:46 CDT" duration-ms="161" status="PASS">
          <reporter-output>
          </reporter-output>
        </test-method> <!-- TearDown -->
        <test-method is-config="true" signature="SetUp()[pri:0, instance:testcases.SimplilearnLoginTest@22ef9844]" started-at="2022-09-11T00:28:46 CDT" name="SetUp" finished-at="2022-09-11T00:28:48 CDT" duration-ms="2664" status="PASS">
          <reporter-output>
          </reporter-output>
        </test-method> <!-- SetUp -->
        <test-method signature="Test3()[pri:0, instance:testcases.SimplilearnLoginTest@22ef9844]" started-at="2022-09-11T00:28:48 CDT" name="Test3" finished-at="2022-09-11T00:28:51 CDT" duration-ms="3196" status="PASS">
          <reporter-output>
          </reporter-output>
        </test-method> <!-- Test3 -->
        <test-method is-config="true" signature="TearDown()[pri:0, instance:testcases.SimplilearnLoginTest@22ef9844]" started-at="2022-09-11T00:28:51 CDT" name="TearDown" finished-at="2022-09-11T00:28:54 CDT" duration-ms="2469" status="PASS">
          <reporter-output>
          </reporter-output>
        </test-method> <!-- TearDown -->
        <test-method is-config="true" signature="DataClean()[pri:0, instance:testcases.SimplilearnLoginTest@22ef9844]" started-at="2022-09-11T00:28:58 CDT" name="DataClean" finished-at="2022-09-11T00:28:58 CDT" duration-ms="1" status="PASS">
          <reporter-output>
          </reporter-output>
        </test-method> <!-- DataClean -->
      </class> <!-- testcases.SimplilearnLoginTest -->
    </test> <!-- Test -->
  </suite> <!-- Suite -->
</testng-results>
