<?xml version="1.0" encoding="UTF-8"?>
<testng-results ignored="0" total="3" passed="3" failed="0" skipped="0">
  <reporter-output>
  </reporter-output>
  <suite started-at="2022-09-17T00:46:08 CDT" name="Suite" finished-at="2022-09-17T00:46:32 CDT" duration-ms="24697">
    <groups>
    </groups>
    <test started-at="2022-09-17T00:46:08 CDT" name="Test" finished-at="2022-09-17T00:46:32 CDT" duration-ms="24697">
      <class name="testcases.SimplilearnLoginTest">
        <test-method is-config="true" signature="DataSetUp()[pri:0, instance:testcases.SimplilearnLoginTest@614ca7df]" started-at="2022-09-17T00:46:08 CDT" name="DataSetUp" finished-at="2022-09-17T00:46:09 CDT" duration-ms="1367" status="PASS">
          <reporter-output>
          </reporter-output>
        </test-method> <!-- DataSetUp -->
        <test-method is-config="true" signature="SetUp(java.lang.reflect.Method)[pri:0, instance:testcases.SimplilearnLoginTest@614ca7df]" started-at="2022-09-17T00:46:09 CDT" name="SetUp" finished-at="2022-09-17T00:46:14 CDT" duration-ms="4660" status="PASS">
          <params>
            <param index="0">
              <value>
                <![CDATA[public void testcases.SimplilearnLoginTest.Test1()]]>
              </value>
            </param>
          </params>
          <reporter-output>
          </reporter-output>
        </test-method> <!-- SetUp -->
        <test-method signature="Test1()[pri:0, instance:testcases.SimplilearnLoginTest@614ca7df]" started-at="2022-09-17T00:46:14 CDT" name="Test1" finished-at="2022-09-17T00:46:18 CDT" duration-ms="4662" status="PASS">
          <reporter-output>
          </reporter-output>
        </test-method> <!-- Test1 -->
        <test-method is-config="true" signature="TearDown()[pri:0, instance:testcases.SimplilearnLoginTest@614ca7df]" started-at="2022-09-17T00:46:18 CDT" name="TearDown" finished-at="2022-09-17T00:46:19 CDT" duration-ms="189" status="PASS">
          <reporter-output>
          </reporter-output>
        </test-method> <!-- TearDown -->
        <test-method is-config="true" signature="SetUp(java.lang.reflect.Method)[pri:0, instance:testcases.SimplilearnLoginTest@614ca7df]" started-at="2022-09-17T00:46:19 CDT" name="SetUp" finished-at="2022-09-17T00:46:21 CDT" duration-ms="2336" status="PASS">
          <params>
            <param index="0">
              <value>
                <![CDATA[public void testcases.SimplilearnLoginTest.Test2(java.lang.String,java.lang.String)]]>
              </value>
            </param>
          </params>
          <reporter-output>
          </reporter-output>
        </test-method> <!-- SetUp -->
        <test-method signature="Test2(java.lang.String,java.lang.String)[pri:0, instance:testcases.SimplilearnLoginTest@614ca7df]" started-at="2022-09-17T00:46:21 CDT" name="Test2" finished-at="2022-09-17T00:46:25 CDT" duration-ms="4292" status="PASS">
          <params>
            <param index="0">
              <value>
                <![CDATA[abc@xyz.com]]>
              </value>
            </param>
            <param index="1">
              <value>
                <![CDATA[Abc@1234]]>
              </value>
            </param>
          </params>
          <reporter-output>
          </reporter-output>
        </test-method> <!-- Test2 -->
        <test-method is-config="true" signature="TearDown()[pri:0, instance:testcases.SimplilearnLoginTest@614ca7df]" started-at="2022-09-17T00:46:25 CDT" name="TearDown" finished-at="2022-09-17T00:46:25 CDT" duration-ms="140" status="PASS">
          <reporter-output>
          </reporter-output>
        </test-method> <!-- TearDown -->
        <test-method is-config="true" signature="SetUp(java.lang.reflect.Method)[pri:0, instance:testcases.SimplilearnLoginTest@614ca7df]" started-at="2022-09-17T00:46:25 CDT" name="SetUp" finished-at="2022-09-17T00:46:28 CDT" duration-ms="2630" status="PASS">
          <params>
            <param index="0">
              <value>
                <![CDATA[public void testcases.SimplilearnLoginTest.Test3()]]>
              </value>
            </param>
          </params>
          <reporter-output>
          </reporter-output>
        </test-method> <!-- SetUp -->
        <test-method signature="Test3()[pri:0, instance:testcases.SimplilearnLoginTest@614ca7df]" started-at="2022-09-17T00:46:28 CDT" name="Test3" finished-at="2022-09-17T00:46:32 CDT" duration-ms="3713" status="PASS">
          <reporter-output>
          </reporter-output>
        </test-method> <!-- Test3 -->
        <test-method is-config="true" signature="TearDown()[pri:0, instance:testcases.SimplilearnLoginTest@614ca7df]" started-at="2022-09-17T00:46:32 CDT" name="TearDown" finished-at="2022-09-17T00:46:32 CDT" duration-ms="215" status="PASS">
          <reporter-output>
          </reporter-output>
        </test-method> <!-- TearDown -->
        <test-method is-config="true" signature="DataClean()[pri:0, instance:testcases.SimplilearnLoginTest@614ca7df]" started-at="2022-09-17T00:46:32 CDT" name="DataClean" finished-at="2022-09-17T00:46:32 CDT" duration-ms="430" status="PASS">
          <reporter-output>
          </reporter-output>
        </test-method> <!-- DataClean -->
      </class> <!-- testcases.SimplilearnLoginTest -->
    </test> <!-- Test -->
  </suite> <!-- Suite -->
</testng-results>
